
*** Running vivado
    with args -log top_VGA_OV7670.vdi -applog -m64 -product Vivado -messageDb vivado.pb -mode batch -source top_VGA_OV7670.tcl -notrace



****** Vivado v2020.2 (64-bit)
  **** SW Build 3064766 on Wed Nov 18 09:12:45 MST 2020
  **** IP Build 3064653 on Wed Nov 18 14:17:31 MST 2020
    ** Copyright 1986-2020 Xilinx, Inc. All Rights Reserved.

source top_VGA_OV7670.tcl -notrace
Command: link_design -top top_VGA_OV7670 -part xc7a35tcpg236-1
Design is defaulting to srcset: sources_1
Design is defaulting to constrset: constrs_1
INFO: [Device 21-403] Loading part xc7a35tcpg236-1
Netlist sorting complete. Time (s): cpu = 00:00:00 ; elapsed = 00:00:00.017 . Memory (MB): peak = 1106.070 ; gain = 0.000
INFO: [Netlist 29-17] Analyzing 156 Unisim elements for replacement
INFO: [Netlist 29-28] Unisim Transformation completed in 0 CPU seconds
INFO: [Project 1-479] Netlist was created with Vivado 2020.2
INFO: [Project 1-570] Preparing netlist for logic optimization
Parsing XDC File [d:/project/systemveriog_2/VGA_Project/VGA_Project.gen/sources_1/ip/clk_wiz_0/clk_wiz_0_board.xdc] for cell 'U_CLK_WIZ/inst'
Finished Parsing XDC File [d:/project/systemveriog_2/VGA_Project/VGA_Project.gen/sources_1/ip/clk_wiz_0/clk_wiz_0_board.xdc] for cell 'U_CLK_WIZ/inst'
Parsing XDC File [d:/project/systemveriog_2/VGA_Project/VGA_Project.gen/sources_1/ip/clk_wiz_0/clk_wiz_0.xdc] for cell 'U_CLK_WIZ/inst'
INFO: [Timing 38-35] Done setting XDC timing constraints. [d:/project/systemveriog_2/VGA_Project/VGA_Project.gen/sources_1/ip/clk_wiz_0/clk_wiz_0.xdc:57]
INFO: [Timing 38-2] Deriving generated clocks [d:/project/systemveriog_2/VGA_Project/VGA_Project.gen/sources_1/ip/clk_wiz_0/clk_wiz_0.xdc:57]
get_clocks: Time (s): cpu = 00:00:08 ; elapsed = 00:00:08 . Memory (MB): peak = 1481.574 ; gain = 375.504
Finished Parsing XDC File [d:/project/systemveriog_2/VGA_Project/VGA_Project.gen/sources_1/ip/clk_wiz_0/clk_wiz_0.xdc] for cell 'U_CLK_WIZ/inst'
Parsing XDC File [D:/project/systemveriog_2/VGA_Project/VGA_Project.srcs/constrs_1/imports/digilent-xdc-master/Basys-3-Master.xdc]
Finished Parsing XDC File [D:/project/systemveriog_2/VGA_Project/VGA_Project.srcs/constrs_1/imports/digilent-xdc-master/Basys-3-Master.xdc]
INFO: [Opt 31-138] Pushed 0 inverter(s) to 0 load pin(s).
Netlist sorting complete. Time (s): cpu = 00:00:00 ; elapsed = 00:00:00 . Memory (MB): peak = 1481.574 ; gain = 0.000
INFO: [Project 1-111] Unisim Transformation Summary:
No Unisim elements were transformed.

9 Infos, 0 Warnings, 0 Critical Warnings and 0 Errors encountered.
link_design completed successfully
link_design: Time (s): cpu = 00:00:15 ; elapsed = 00:00:17 . Memory (MB): peak = 1481.574 ; gain = 375.504
Command: opt_design
Attempting to get a license for feature 'Implementation' and/or device 'xc7a35t'
INFO: [Common 17-349] Got license for feature 'Implementation' and/or device 'xc7a35t'
Running DRC as a precondition to command opt_design

Starting DRC Task
INFO: [DRC 23-27] Running DRC with 2 threads
WARNING: [DRC RPBF-3] IO port buffering is incomplete: Device port siod expects both input and output buffering but the buffers are incomplete.
INFO: [Project 1-461] DRC finished with 0 Errors, 1 Warnings
INFO: [Project 1-462] Please refer to the DRC report (report_drc) for more information.

Time (s): cpu = 00:00:02 ; elapsed = 00:00:01 . Memory (MB): peak = 1481.574 ; gain = 0.000

Starting Cache Timing Information Task
INFO: [Timing 38-35] Done setting XDC timing constraints.
INFO: [Timing 38-2] Deriving generated clocks
Ending Cache Timing Information Task | Checksum: 1f4ca849e

Time (s): cpu = 00:00:00 ; elapsed = 00:00:00.102 . Memory (MB): peak = 1499.488 ; gain = 17.914

Starting Logic Optimization Task

Phase 1 Retarget
INFO: [Opt 31-138] Pushed 2 inverter(s) to 25 load pin(s).
INFO: [Opt 31-49] Retargeted 0 cell(s).
Phase 1 Retarget | Checksum: 1743efdf2

Time (s): cpu = 00:00:00 ; elapsed = 00:00:00.125 . Memory (MB): peak = 1702.242 ; gain = 0.000
INFO: [Opt 31-389] Phase Retarget created 0 cells and removed 3 cells
INFO: [Opt 31-1021] In phase Retarget, 1 netlist objects are constrained preventing optimization. Please run opt_design with -debug_log to get more detail. 

Phase 2 Constant propagation
INFO: [Opt 31-138] Pushed 0 inverter(s) to 0 load pin(s).
Phase 2 Constant propagation | Checksum: 183d2c3c0

Time (s): cpu = 00:00:00 ; elapsed = 00:00:00.145 . Memory (MB): peak = 1702.242 ; gain = 0.000
INFO: [Opt 31-389] Phase Constant propagation created 0 cells and removed 0 cells

Phase 3 Sweep
Phase 3 Sweep | Checksum: 24d93fb5e

Time (s): cpu = 00:00:00 ; elapsed = 00:00:00.191 . Memory (MB): peak = 1702.242 ; gain = 0.000
INFO: [Opt 31-389] Phase Sweep created 0 cells and removed 2 cells

Phase 4 BUFG optimization
Phase 4 BUFG optimization | Checksum: 24d93fb5e

Time (s): cpu = 00:00:00 ; elapsed = 00:00:00.262 . Memory (MB): peak = 1702.242 ; gain = 0.000
INFO: [Opt 31-662] Phase BUFG optimization created 0 cells of which 0 are BUFGs and removed 0 cells.

Phase 5 Shift Register Optimization
INFO: [Opt 31-1064] SRL Remap converted 0 SRLs to 0 registers and converted 0 registers of register chains to 0 SRLs
Phase 5 Shift Register Optimization | Checksum: 24d93fb5e

Time (s): cpu = 00:00:00 ; elapsed = 00:00:00.266 . Memory (MB): peak = 1702.242 ; gain = 0.000
INFO: [Opt 31-389] Phase Shift Register Optimization created 0 cells and removed 0 cells

Phase 6 Post Processing Netlist
Phase 6 Post Processing Netlist | Checksum: 24d93fb5e

Time (s): cpu = 00:00:00 ; elapsed = 00:00:00.273 . Memory (MB): peak = 1702.242 ; gain = 0.000
INFO: [Opt 31-389] Phase Post Processing Netlist created 0 cells and removed 0 cells
Opt_design Change Summary
=========================


-------------------------------------------------------------------------------------------------------------------------
|  Phase                        |  #Cells created  |  #Cells Removed  |  #Constrained objects preventing optimizations  |
-------------------------------------------------------------------------------------------------------------------------
|  Retarget                     |               0  |               3  |                                              1  |
|  Constant propagation         |               0  |               0  |                                              0  |
|  Sweep                        |               0  |               2  |                                              0  |
|  BUFG optimization            |               0  |               0  |                                              0  |
|  Shift Register Optimization  |               0  |               0  |                                              0  |
|  Post Processing Netlist      |               0  |               0  |                                              0  |
-------------------------------------------------------------------------------------------------------------------------



Starting Connectivity Check Task

Time (s): cpu = 00:00:00 ; elapsed = 00:00:00.003 . Memory (MB): peak = 1702.242 ; gain = 0.000
Ending Logic Optimization Task | Checksum: 18b832219

Time (s): cpu = 00:00:00 ; elapsed = 00:00:00.340 . Memory (MB): peak = 1702.242 ; gain = 0.000

Starting Power Optimization Task
INFO: [Pwropt 34-132] Skipping clock gating for clocks with a period < 2.00 ns.
INFO: [Timing 38-35] Done setting XDC timing constraints.
Running Vector-less Activity Propagation...

Finished Running Vector-less Activity Propagation
INFO: [Pwropt 34-9] Applying IDT optimizations ...
INFO: [Pwropt 34-10] Applying ODC optimizations ...


Starting PowerOpt Patch Enables Task
INFO: [Pwropt 34-162] WRITE_MODE attribute of 0 BRAM(s) out of a total of 36 has been updated to save power. Run report_power_opt to get a complete listing of the BRAMs updated.
INFO: [Timing 38-35] Done setting XDC timing constraints.
INFO: [Pwropt 34-201] Structural ODC has moved 12 WE to EN ports
Number of BRAM Ports augmented: 36 newly gated: 12 Total Ports: 72
Number of Flops added for Enable Generation: 1

Ending PowerOpt Patch Enables Task | Checksum: 1b01f2143

Time (s): cpu = 00:00:01 ; elapsed = 00:00:00.299 . Memory (MB): peak = 1818.223 ; gain = 0.000
Ending Power Optimization Task | Checksum: 1b01f2143

Time (s): cpu = 00:00:05 ; elapsed = 00:00:04 . Memory (MB): peak = 1818.223 ; gain = 115.980

Starting Final Cleanup Task

Starting Logic Optimization Task
INFO: [Timing 38-35] Done setting XDC timing constraints.
Ending Logic Optimization Task | Checksum: 16aacf825

Time (s): cpu = 00:00:00 ; elapsed = 00:00:00.233 . Memory (MB): peak = 1818.223 ; gain = 0.000
Ending Final Cleanup Task | Checksum: 16aacf825

Time (s): cpu = 00:00:02 ; elapsed = 00:00:03 . Memory (MB): peak = 1818.223 ; gain = 0.000

Starting Netlist Obfuscation Task
Netlist sorting complete. Time (s): cpu = 00:00:00 ; elapsed = 00:00:00 . Memory (MB): peak = 1818.223 ; gain = 0.000
Ending Netlist Obfuscation Task | Checksum: 16aacf825

Time (s): cpu = 00:00:00 ; elapsed = 00:00:00.001 . Memory (MB): peak = 1818.223 ; gain = 0.000
INFO: [Common 17-83] Releasing license: Implementation
35 Infos, 1 Warnings, 0 Critical Warnings and 0 Errors encountered.
opt_design completed successfully
opt_design: Time (s): cpu = 00:00:11 ; elapsed = 00:00:11 . Memory (MB): peak = 1818.223 ; gain = 336.648
INFO: [Timing 38-35] Done setting XDC timing constraints.
INFO: [Timing 38-480] Writing timing data to binary archive.
Writing placer database...
Writing XDEF routing.
Writing XDEF routing logical nets.
Writing XDEF routing special nets.
Write XDEF Complete: Time (s): cpu = 00:00:00 ; elapsed = 00:00:00.043 . Memory (MB): peak = 1818.223 ; gain = 0.000
INFO: [Common 17-1381] The checkpoint 'D:/project/systemveriog_2/VGA_Project/VGA_Project.runs/impl_1/top_VGA_OV7670_opt.dcp' has been generated.
INFO: [runtcl-4] Executing : report_drc -file top_VGA_OV7670_drc_opted.rpt -pb top_VGA_OV7670_drc_opted.pb -rpx top_VGA_OV7670_drc_opted.rpx
Command: report_drc -file top_VGA_OV7670_drc_opted.rpt -pb top_VGA_OV7670_drc_opted.pb -rpx top_VGA_OV7670_drc_opted.rpx
INFO: [IP_Flow 19-1839] IP Catalog is up to date.
INFO: [DRC 23-27] Running DRC with 2 threads
INFO: [Coretcl 2-168] The results of DRC are in file D:/project/systemveriog_2/VGA_Project/VGA_Project.runs/impl_1/top_VGA_OV7670_drc_opted.rpt.
report_drc completed successfully
Command: place_design
Attempting to get a license for feature 'Implementation' and/or device 'xc7a35t'
INFO: [Common 17-349] Got license for feature 'Implementation' and/or device 'xc7a35t'
INFO: [DRC 23-27] Running DRC with 2 threads
INFO: [Vivado_Tcl 4-198] DRC finished with 0 Errors
INFO: [Vivado_Tcl 4-199] Please refer to the DRC report (report_drc) for more information.
Running DRC as a precondition to command place_design
INFO: [DRC 23-27] Running DRC with 2 threads
WARNING: [DRC CHECK-3] Report rule limit reached: REQP-1839 rule limit reached: 20 violations have been found.
WARNING: [DRC REQP-1839] RAMB36 async control check: The RAMB36E1 U_FRAMEBUFFER/mem_reg_0_1 has an input control pin U_FRAMEBUFFER/mem_reg_0_1/ADDRARDADDR[0] (net: U_FRAMEBUFFER/ADDRARDADDR[0]) which is driven by a register (U_OV7670_MemController/wAddr_reg[0]_rep) that has an active asychronous set or reset. This may cause corruption of the memory contents and/or read values when the set/reset is asserted and is not analyzed by the default static timing analysis. It is suggested to eliminate the use of a set/reset to registers driving this RAMB pin or else use a synchronous reset in which the assertion of the reset is timed by default.
WARNING: [DRC REQP-1839] RAMB36 async control check: The RAMB36E1 U_FRAMEBUFFER/mem_reg_0_1 has an input control pin U_FRAMEBUFFER/mem_reg_0_1/ADDRARDADDR[10] (net: U_FRAMEBUFFER/wAddr[4]) which is driven by a register (U_OV7670_MemController/wAddr_reg[10]) that has an active asychronous set or reset. This may cause corruption of the memory contents and/or read values when the set/reset is asserted and is not analyzed by the default static timing analysis. It is suggested to eliminate the use of a set/reset to registers driving this RAMB pin or else use a synchronous reset in which the assertion of the reset is timed by default.
WARNING: [DRC REQP-1839] RAMB36 async control check: The RAMB36E1 U_FRAMEBUFFER/mem_reg_0_1 has an input control pin U_FRAMEBUFFER/mem_reg_0_1/ADDRARDADDR[11] (net: U_FRAMEBUFFER/ADDRARDADDR[10]) which is driven by a register (U_OV7670_MemController/wAddr_reg[11]_rep) that has an active asychronous set or reset. This may cause corruption of the memory contents and/or read values when the set/reset is asserted and is not analyzed by the default static timing analysis. It is suggested to eliminate the use of a set/reset to registers driving this RAMB pin or else use a synchronous reset in which the assertion of the reset is timed by default.
WARNING: [DRC REQP-1839] RAMB36 async control check: The RAMB36E1 U_FRAMEBUFFER/mem_reg_0_1 has an input control pin U_FRAMEBUFFER/mem_reg_0_1/ADDRARDADDR[12] (net: U_FRAMEBUFFER/ADDRARDADDR[11]) which is driven by a register (U_OV7670_MemController/wAddr_reg[12]_rep) that has an active asychronous set or reset. This may cause corruption of the memory contents and/or read values when the set/reset is asserted and is not analyzed by the default static timing analysis. It is suggested to eliminate the use of a set/reset to registers driving this RAMB pin or else use a synchronous reset in which the assertion of the reset is timed by default.
WARNING: [DRC REQP-1839] RAMB36 async control check: The RAMB36E1 U_FRAMEBUFFER/mem_reg_0_1 has an input control pin U_FRAMEBUFFER/mem_reg_0_1/ADDRARDADDR[13] (net: U_FRAMEBUFFER/ADDRARDADDR[12]) which is driven by a register (U_OV7670_MemController/wAddr_reg[13]_rep) that has an active asychronous set or reset. This may cause corruption of the memory contents and/or read values when the set/reset is asserted and is not analyzed by the default static timing analysis. It is suggested to eliminate the use of a set/reset to registers driving this RAMB pin or else use a synchronous reset in which the assertion of the reset is timed by default.
WARNING: [DRC REQP-1839] RAMB36 async control check: The RAMB36E1 U_FRAMEBUFFER/mem_reg_0_1 has an input control pin U_FRAMEBUFFER/mem_reg_0_1/ADDRARDADDR[14] (net: U_FRAMEBUFFER/wAddr[7]) which is driven by a register (U_OV7670_MemController/wAddr_reg[14]) that has an active asychronous set or reset. This may cause corruption of the memory contents and/or read values when the set/reset is asserted and is not analyzed by the default static timing analysis. It is suggested to eliminate the use of a set/reset to registers driving this RAMB pin or else use a synchronous reset in which the assertion of the reset is timed by default.
WARNING: [DRC REQP-1839] RAMB36 async control check: The RAMB36E1 U_FRAMEBUFFER/mem_reg_0_1 has an input control pin U_FRAMEBUFFER/mem_reg_0_1/ADDRARDADDR[15] (net: U_FRAMEBUFFER/wAddr[8]) which is driven by a register (U_OV7670_MemController/wAddr_reg[15]) that has an active asychronous set or reset. This may cause corruption of the memory contents and/or read values when the set/reset is asserted and is not analyzed by the default static timing analysis. It is suggested to eliminate the use of a set/reset to registers driving this RAMB pin or else use a synchronous reset in which the assertion of the reset is timed by default.
WARNING: [DRC REQP-1839] RAMB36 async control check: The RAMB36E1 U_FRAMEBUFFER/mem_reg_0_1 has an input control pin U_FRAMEBUFFER/mem_reg_0_1/ADDRARDADDR[1] (net: U_FRAMEBUFFER/ADDRARDADDR[1]) which is driven by a register (U_OV7670_MemController/wAddr_reg[1]_rep) that has an active asychronous set or reset. This may cause corruption of the memory contents and/or read values when the set/reset is asserted and is not analyzed by the default static timing analysis. It is suggested to eliminate the use of a set/reset to registers driving this RAMB pin or else use a synchronous reset in which the assertion of the reset is timed by default.
WARNING: [DRC REQP-1839] RAMB36 async control check: The RAMB36E1 U_FRAMEBUFFER/mem_reg_0_1 has an input control pin U_FRAMEBUFFER/mem_reg_0_1/ADDRARDADDR[2] (net: U_FRAMEBUFFER/ADDRARDADDR[2]) which is driven by a register (U_OV7670_MemController/wAddr_reg[2]_rep) that has an active asychronous set or reset. This may cause corruption of the memory contents and/or read values when the set/reset is asserted and is not analyzed by the default static timing analysis. It is suggested to eliminate the use of a set/reset to registers driving this RAMB pin or else use a synchronous reset in which the assertion of the reset is timed by default.
WARNING: [DRC REQP-1839] RAMB36 async control check: The RAMB36E1 U_FRAMEBUFFER/mem_reg_0_1 has an input control pin U_FRAMEBUFFER/mem_reg_0_1/ADDRARDADDR[3] (net: U_FRAMEBUFFER/ADDRARDADDR[3]) which is driven by a register (U_OV7670_MemController/wAddr_reg[3]_rep) that has an active asychronous set or reset. This may cause corruption of the memory contents and/or read values when the set/reset is asserted and is not analyzed by the default static timing analysis. It is suggested to eliminate the use of a set/reset to registers driving this RAMB pin or else use a synchronous reset in which the assertion of the reset is timed by default.
WARNING: [DRC REQP-1839] RAMB36 async control check: The RAMB36E1 U_FRAMEBUFFER/mem_reg_0_1 has an input control pin U_FRAMEBUFFER/mem_reg_0_1/ADDRARDADDR[4] (net: U_FRAMEBUFFER/mem_reg_0_4_0[0]) which is driven by a register (U_OV7670_MemController/wAddr_reg[4]_rep__1) that has an active asychronous set or reset. This may cause corruption of the memory contents and/or read values when the set/reset is asserted and is not analyzed by the default static timing analysis. It is suggested to eliminate the use of a set/reset to registers driving this RAMB pin or else use a synchronous reset in which the assertion of the reset is timed by default.
WARNING: [DRC REQP-1839] RAMB36 async control check: The RAMB36E1 U_FRAMEBUFFER/mem_reg_0_1 has an input control pin U_FRAMEBUFFER/mem_reg_0_1/ADDRARDADDR[5] (net: U_FRAMEBUFFER/ADDRARDADDR[5]) which is driven by a register (U_OV7670_MemController/wAddr_reg[5]_rep) that has an active asychronous set or reset. This may cause corruption of the memory contents and/or read values when the set/reset is asserted and is not analyzed by the default static timing analysis. It is suggested to eliminate the use of a set/reset to registers driving this RAMB pin or else use a synchronous reset in which the assertion of the reset is timed by default.
WARNING: [DRC REQP-1839] RAMB36 async control check: The RAMB36E1 U_FRAMEBUFFER/mem_reg_0_1 has an input control pin U_FRAMEBUFFER/mem_reg_0_1/ADDRARDADDR[6] (net: U_FRAMEBUFFER/ADDRARDADDR[6]) which is driven by a register (U_OV7670_MemController/wAddr_reg[6]_rep) that has an active asychronous set or reset. This may cause corruption of the memory contents and/or read values when the set/reset is asserted and is not analyzed by the default static timing analysis. It is suggested to eliminate the use of a set/reset to registers driving this RAMB pin or else use a synchronous reset in which the assertion of the reset is timed by default.
WARNING: [DRC REQP-1839] RAMB36 async control check: The RAMB36E1 U_FRAMEBUFFER/mem_reg_0_1 has an input control pin U_FRAMEBUFFER/mem_reg_0_1/ADDRARDADDR[7] (net: U_FRAMEBUFFER/mem_reg_0_4_0[1]) which is driven by a register (U_OV7670_MemController/wAddr_reg[7]_rep) that has an active asychronous set or reset. This may cause corruption of the memory contents and/or read values when the set/reset is asserted and is not analyzed by the default static timing analysis. It is suggested to eliminate the use of a set/reset to registers driving this RAMB pin or else use a synchronous reset in which the assertion of the reset is timed by default.
WARNING: [DRC REQP-1839] RAMB36 async control check: The RAMB36E1 U_FRAMEBUFFER/mem_reg_0_1 has an input control pin U_FRAMEBUFFER/mem_reg_0_1/ADDRARDADDR[8] (net: U_FRAMEBUFFER/ADDRARDADDR[8]) which is driven by a register (U_OV7670_MemController/wAddr_reg[8]_rep) that has an active asychronous set or reset. This may cause corruption of the memory contents and/or read values when the set/reset is asserted and is not analyzed by the default static timing analysis. It is suggested to eliminate the use of a set/reset to registers driving this RAMB pin or else use a synchronous reset in which the assertion of the reset is timed by default.
WARNING: [DRC REQP-1839] RAMB36 async control check: The RAMB36E1 U_FRAMEBUFFER/mem_reg_0_1 has an input control pin U_FRAMEBUFFER/mem_reg_0_1/ADDRARDADDR[9] (net: U_FRAMEBUFFER/ADDRARDADDR[9]) which is driven by a register (U_OV7670_MemController/wAddr_reg[9]_rep__0) that has an active asychronous set or reset. This may cause corruption of the memory contents and/or read values when the set/reset is asserted and is not analyzed by the default static timing analysis. It is suggested to eliminate the use of a set/reset to registers driving this RAMB pin or else use a synchronous reset in which the assertion of the reset is timed by default.
WARNING: [DRC REQP-1839] RAMB36 async control check: The RAMB36E1 U_FRAMEBUFFER/mem_reg_0_1 has an input control pin U_FRAMEBUFFER/mem_reg_0_1/ADDRBWRADDR[15] (net: U_FRAMEBUFFER/rAddr[14]) which is driven by a register (U_VGA_DECODER/U_PXL_COUNTER/v_count_reg[1]) that has an active asychronous set or reset. This may cause corruption of the memory contents and/or read values when the set/reset is asserted and is not analyzed by the default static timing analysis. It is suggested to eliminate the use of a set/reset to registers driving this RAMB pin or else use a synchronous reset in which the assertion of the reset is timed by default.
WARNING: [DRC REQP-1839] RAMB36 async control check: The RAMB36E1 U_FRAMEBUFFER/mem_reg_0_1 has an input control pin U_FRAMEBUFFER/mem_reg_0_1/ADDRBWRADDR[15] (net: U_FRAMEBUFFER/rAddr[14]) which is driven by a register (U_VGA_DECODER/U_PXL_COUNTER/v_count_reg[2]) that has an active asychronous set or reset. This may cause corruption of the memory contents and/or read values when the set/reset is asserted and is not analyzed by the default static timing analysis. It is suggested to eliminate the use of a set/reset to registers driving this RAMB pin or else use a synchronous reset in which the assertion of the reset is timed by default.
WARNING: [DRC REQP-1839] RAMB36 async control check: The RAMB36E1 U_FRAMEBUFFER/mem_reg_0_1 has an input control pin U_FRAMEBUFFER/mem_reg_0_1/ADDRBWRADDR[15] (net: U_FRAMEBUFFER/rAddr[14]) which is driven by a register (U_VGA_DECODER/U_PXL_COUNTER/v_count_reg[4]) that has an active asychronous set or reset. This may cause corruption of the memory contents and/or read values when the set/reset is asserted and is not analyzed by the default static timing analysis. It is suggested to eliminate the use of a set/reset to registers driving this RAMB pin or else use a synchronous reset in which the assertion of the reset is timed by default.
WARNING: [DRC REQP-1839] RAMB36 async control check: The RAMB36E1 U_FRAMEBUFFER/mem_reg_0_1 has an input control pin U_FRAMEBUFFER/mem_reg_0_1/ADDRBWRADDR[15] (net: U_FRAMEBUFFER/rAddr[14]) which is driven by a register (U_VGA_DECODER/U_PXL_COUNTER/v_count_reg[8]) that has an active asychronous set or reset. This may cause corruption of the memory contents and/or read values when the set/reset is asserted and is not analyzed by the default static timing analysis. It is suggested to eliminate the use of a set/reset to registers driving this RAMB pin or else use a synchronous reset in which the assertion of the reset is timed by default.
WARNING: [DRC RPBF-3] IO port buffering is incomplete: Device port siod expects both input and output buffering but the buffers are incomplete.
INFO: [Vivado_Tcl 4-198] DRC finished with 0 Errors, 22 Warnings
INFO: [Vivado_Tcl 4-199] Please refer to the DRC report (report_drc) for more information.

Starting Placer Task
INFO: [Place 30-611] Multithreading enabled for place_design using a maximum of 2 CPUs

Phase 1 Placer Initialization

Phase 1.1 Placer Initialization Netlist Sorting
Netlist sorting complete. Time (s): cpu = 00:00:00 ; elapsed = 00:00:00 . Memory (MB): peak = 1818.223 ; gain = 0.000
Phase 1.1 Placer Initialization Netlist Sorting | Checksum: 141404a8a

Time (s): cpu = 00:00:00 ; elapsed = 00:00:00.011 . Memory (MB): peak = 1818.223 ; gain = 0.000
Netlist sorting complete. Time (s): cpu = 00:00:00 ; elapsed = 00:00:00 . Memory (MB): peak = 1818.223 ; gain = 0.000

Phase 1.2 IO Placement/ Clock Placement/ Build Placer Device
Phase 1.2 IO Placement/ Clock Placement/ Build Placer Device | Checksum: 10e4d5a78

Time (s): cpu = 00:00:01 ; elapsed = 00:00:00.587 . Memory (MB): peak = 1818.223 ; gain = 0.000

Phase 1.3 Build Placer Netlist Model
Phase 1.3 Build Placer Netlist Model | Checksum: 209c046c4

Time (s): cpu = 00:00:01 ; elapsed = 00:00:00.973 . Memory (MB): peak = 1818.223 ; gain = 0.000

Phase 1.4 Constrain Clocks/Macros
Phase 1.4 Constrain Clocks/Macros | Checksum: 209c046c4

Time (s): cpu = 00:00:01 ; elapsed = 00:00:00.977 . Memory (MB): peak = 1818.223 ; gain = 0.000
Phase 1 Placer Initialization | Checksum: 209c046c4

Time (s): cpu = 00:00:01 ; elapsed = 00:00:00.986 . Memory (MB): peak = 1818.223 ; gain = 0.000

Phase 2 Global Placement

Phase 2.1 Floorplanning
Phase 2.1 Floorplanning | Checksum: 1d2a58b2a

Time (s): cpu = 00:00:01 ; elapsed = 00:00:01 . Memory (MB): peak = 1818.223 ; gain = 0.000

Phase 2.2 Update Timing before SLR Path Opt
Phase 2.2 Update Timing before SLR Path Opt | Checksum: 1211cde99

Time (s): cpu = 00:00:01 ; elapsed = 00:00:01 . Memory (MB): peak = 1818.223 ; gain = 0.000

Phase 2.3 Global Placement Core

Phase 2.3.1 Physical Synthesis In Placer
INFO: [Physopt 32-1035] Found 0 LUTNM shape to break, 141 LUT instances to create LUTNM shape
INFO: [Physopt 32-1044] Break lutnm for timing: one critical 0, two critical 0, total 0, new lutff created 0
INFO: [Physopt 32-775] End 1 Pass. Optimized 66 nets or cells. Created 0 new cell, deleted 66 existing cells and moved 0 existing cell
INFO: [Physopt 32-65] No nets found for high-fanout optimization.
INFO: [Physopt 32-232] Optimized 0 net. Created 0 new instance.
INFO: [Physopt 32-775] End 1 Pass. Optimized 0 net or cell. Created 0 new cell, deleted 0 existing cell and moved 0 existing cell
INFO: [Physopt 32-670] No setup violation found.  DSP Register Optimization was not performed.
INFO: [Physopt 32-670] No setup violation found.  Shift Register to Pipeline Optimization was not performed.
INFO: [Physopt 32-670] No setup violation found.  Shift Register Optimization was not performed.
INFO: [Physopt 32-670] No setup violation found.  BRAM Register Optimization was not performed.
INFO: [Physopt 32-670] No setup violation found.  URAM Register Optimization was not performed.
INFO: [Physopt 32-949] No candidate nets found for dynamic/static region interface net replication
INFO: [Physopt 32-775] End 1 Pass. Optimized 0 net or cell. Created 0 new cell, deleted 0 existing cell and moved 0 existing cell
Netlist sorting complete. Time (s): cpu = 00:00:00 ; elapsed = 00:00:00 . Memory (MB): peak = 1818.223 ; gain = 0.000

Summary of Physical Synthesis Optimizations
============================================


-----------------------------------------------------------------------------------------------------------------------------------------------------------
|  Optimization                                     |  Added Cells  |  Removed Cells  |  Optimized Cells/Nets  |  Dont Touch  |  Iterations  |  Elapsed   |
-----------------------------------------------------------------------------------------------------------------------------------------------------------
|  LUT Combining                                    |            0  |             66  |                    66  |           0  |           1  |  00:00:00  |
|  Very High Fanout                                 |            0  |              0  |                     0  |           0  |           1  |  00:00:00  |
|  DSP Register                                     |            0  |              0  |                     0  |           0  |           0  |  00:00:00  |
|  Shift Register to Pipeline                       |            0  |              0  |                     0  |           0  |           0  |  00:00:00  |
|  Shift Register                                   |            0  |              0  |                     0  |           0  |           0  |  00:00:00  |
|  BRAM Register                                    |            0  |              0  |                     0  |           0  |           0  |  00:00:00  |
|  URAM Register                                    |            0  |              0  |                     0  |           0  |           0  |  00:00:00  |
|  Dynamic/Static Region Interface Net Replication  |            0  |              0  |                     0  |           0  |           1  |  00:00:00  |
|  Total                                            |            0  |             66  |                    66  |           0  |           3  |  00:00:00  |
-----------------------------------------------------------------------------------------------------------------------------------------------------------


Phase 2.3.1 Physical Synthesis In Placer | Checksum: a5a0d91a

Time (s): cpu = 00:00:04 ; elapsed = 00:00:03 . Memory (MB): peak = 1818.223 ; gain = 0.000
Phase 2.3 Global Placement Core | Checksum: 88cb26cb

Time (s): cpu = 00:00:05 ; elapsed = 00:00:04 . Memory (MB): peak = 1818.223 ; gain = 0.000
Phase 2 Global Placement | Checksum: 88cb26cb

Time (s): cpu = 00:00:05 ; elapsed = 00:00:04 . Memory (MB): peak = 1818.223 ; gain = 0.000

Phase 3 Detail Placement

Phase 3.1 Commit Multi Column Macros
Phase 3.1 Commit Multi Column Macros | Checksum: b621550a

Time (s): cpu = 00:00:05 ; elapsed = 00:00:04 . Memory (MB): peak = 1818.223 ; gain = 0.000

Phase 3.2 Commit Most Macros & LUTRAMs
Phase 3.2 Commit Most Macros & LUTRAMs | Checksum: ec091f2b

Time (s): cpu = 00:00:05 ; elapsed = 00:00:04 . Memory (MB): peak = 1818.223 ; gain = 0.000

Phase 3.3 Area Swap Optimization
Phase 3.3 Area Swap Optimization | Checksum: 12a9017f6

Time (s): cpu = 00:00:05 ; elapsed = 00:00:04 . Memory (MB): peak = 1818.223 ; gain = 0.000

Phase 3.4 Pipeline Register Optimization
Phase 3.4 Pipeline Register Optimization | Checksum: 1275840a0

Time (s): cpu = 00:00:05 ; elapsed = 00:00:04 . Memory (MB): peak = 1818.223 ; gain = 0.000

Phase 3.5 Small Shape Detail Placement
Phase 3.5 Small Shape Detail Placement | Checksum: cd7b141e

Time (s): cpu = 00:00:05 ; elapsed = 00:00:04 . Memory (MB): peak = 1818.223 ; gain = 0.000

Phase 3.6 Re-assign LUT pins
Phase 3.6 Re-assign LUT pins | Checksum: 1b3a0bdcb

Time (s): cpu = 00:00:05 ; elapsed = 00:00:04 . Memory (MB): peak = 1818.223 ; gain = 0.000

Phase 3.7 Pipeline Register Optimization
Phase 3.7 Pipeline Register Optimization | Checksum: 1a4699f35

Time (s): cpu = 00:00:05 ; elapsed = 00:00:04 . Memory (MB): peak = 1818.223 ; gain = 0.000
Phase 3 Detail Placement | Checksum: 1a4699f35

Time (s): cpu = 00:00:05 ; elapsed = 00:00:04 . Memory (MB): peak = 1818.223 ; gain = 0.000

Phase 4 Post Placement Optimization and Clean-Up

Phase 4.1 Post Commit Optimization
INFO: [Timing 38-35] Done setting XDC timing constraints.

Phase 4.1.1 Post Placement Optimization
Post Placement Optimization Initialization | Checksum: 1dd21c6eb

Phase 4.1.1.1 BUFG Insertion

Starting Physical Synthesis Task

Phase 1 Physical Synthesis Initialization
INFO: [Physopt 32-721] Multithreading enabled for phys_opt_design using a maximum of 2 CPUs
INFO: [Physopt 32-619] Estimated Timing Summary | WNS=4.978 | TNS=0.000 |
Phase 1 Physical Synthesis Initialization | Checksum: 10dd27bf7

Time (s): cpu = 00:00:00 ; elapsed = 00:00:00.036 . Memory (MB): peak = 1818.223 ; gain = 0.000
INFO: [Place 46-56] BUFG insertion identified 0 candidate nets. Inserted BUFG: 0, Replicated BUFG Driver: 0, Skipped due to Placement/Routing Conflicts: 0, Skipped due to Timing Degradation: 0, Skipped due to Illegal Netlist: 0.
Ending Physical Synthesis Task | Checksum: 1faa8f31c

Time (s): cpu = 00:00:00 ; elapsed = 00:00:00.040 . Memory (MB): peak = 1818.223 ; gain = 0.000
Phase 4.1.1.1 BUFG Insertion | Checksum: 1dd21c6eb

Time (s): cpu = 00:00:06 ; elapsed = 00:00:05 . Memory (MB): peak = 1818.223 ; gain = 0.000
INFO: [Place 30-746] Post Placement Timing Summary WNS=4.978. For the most accurate timing information please run report_timing.

Time (s): cpu = 00:00:06 ; elapsed = 00:00:05 . Memory (MB): peak = 1818.223 ; gain = 0.000
Phase 4.1 Post Commit Optimization | Checksum: 20d961cae

Time (s): cpu = 00:00:06 ; elapsed = 00:00:05 . Memory (MB): peak = 1818.223 ; gain = 0.000

Phase 4.2 Post Placement Cleanup
Phase 4.2 Post Placement Cleanup | Checksum: 20d961cae

Time (s): cpu = 00:00:06 ; elapsed = 00:00:05 . Memory (MB): peak = 1818.223 ; gain = 0.000

Phase 4.3 Placer Reporting

Phase 4.3.1 Print Estimated Congestion
INFO: [Place 30-612] Post-Placement Estimated Congestion 
 ____________________________________________________
|           | Global Congestion | Short Congestion  |
| Direction | Region Size       | Region Size       |
|___________|___________________|___________________|
|      North|                1x1|                1x1|
|___________|___________________|___________________|
|      South|                1x1|                1x1|
|___________|___________________|___________________|
|       East|                1x1|                1x1|
|___________|___________________|___________________|
|       West|                1x1|                1x1|
|___________|___________________|___________________|

Phase 4.3.1 Print Estimated Congestion | Checksum: 20d961cae

Time (s): cpu = 00:00:06 ; elapsed = 00:00:05 . Memory (MB): peak = 1818.223 ; gain = 0.000
Phase 4.3 Placer Reporting | Checksum: 20d961cae

Time (s): cpu = 00:00:06 ; elapsed = 00:00:05 . Memory (MB): peak = 1818.223 ; gain = 0.000

Phase 4.4 Final Placement Cleanup
Netlist sorting complete. Time (s): cpu = 00:00:00 ; elapsed = 00:00:00.001 . Memory (MB): peak = 1818.223 ; gain = 0.000

Time (s): cpu = 00:00:06 ; elapsed = 00:00:05 . Memory (MB): peak = 1818.223 ; gain = 0.000
Phase 4 Post Placement Optimization and Clean-Up | Checksum: 21938b5af

Time (s): cpu = 00:00:06 ; elapsed = 00:00:05 . Memory (MB): peak = 1818.223 ; gain = 0.000
Ending Placer Task | Checksum: 1dcdede82

Time (s): cpu = 00:00:06 ; elapsed = 00:00:05 . Memory (MB): peak = 1818.223 ; gain = 0.000
INFO: [Common 17-83] Releasing license: Implementation
70 Infos, 23 Warnings, 0 Critical Warnings and 0 Errors encountered.
place_design completed successfully
place_design: Time (s): cpu = 00:00:08 ; elapsed = 00:00:06 . Memory (MB): peak = 1818.223 ; gain = 0.000
INFO: [Timing 38-480] Writing timing data to binary archive.
Writing placer database...
Writing XDEF routing.
Writing XDEF routing logical nets.
Writing XDEF routing special nets.
Write XDEF Complete: Time (s): cpu = 00:00:00 ; elapsed = 00:00:00.143 . Memory (MB): peak = 1818.223 ; gain = 0.000
INFO: [Common 17-1381] The checkpoint 'D:/project/systemveriog_2/VGA_Project/VGA_Project.runs/impl_1/top_VGA_OV7670_placed.dcp' has been generated.
INFO: [runtcl-4] Executing : report_io -file top_VGA_OV7670_io_placed.rpt
report_io: Time (s): cpu = 00:00:00 ; elapsed = 00:00:00.038 . Memory (MB): peak = 1818.223 ; gain = 0.000
INFO: [runtcl-4] Executing : report_utilization -file top_VGA_OV7670_utilization_placed.rpt -pb top_VGA_OV7670_utilization_placed.pb
INFO: [runtcl-4] Executing : report_control_sets -verbose -file top_VGA_OV7670_control_sets_placed.rpt
report_control_sets: Time (s): cpu = 00:00:00 ; elapsed = 00:00:00.012 . Memory (MB): peak = 1818.223 ; gain = 0.000
Command: phys_opt_design
Attempting to get a license for feature 'Implementation' and/or device 'xc7a35t'
INFO: [Common 17-349] Got license for feature 'Implementation' and/or device 'xc7a35t'
INFO: [Vivado_Tcl 4-383] Design worst setup slack (WNS) is greater than or equal to 0.000 ns. Skipping all physical synthesis optimizations.
INFO: [Vivado_Tcl 4-232] No setup violation found. The netlist was not modified.
INFO: [Common 17-83] Releasing license: Implementation
79 Infos, 23 Warnings, 0 Critical Warnings and 0 Errors encountered.
phys_opt_design completed successfully
INFO: [Timing 38-480] Writing timing data to binary archive.
Writing placer database...
Writing XDEF routing.
Writing XDEF routing logical nets.
Writing XDEF routing special nets.
Write XDEF Complete: Time (s): cpu = 00:00:00 ; elapsed = 00:00:00.131 . Memory (MB): peak = 1818.223 ; gain = 0.000
INFO: [Common 17-1381] The checkpoint 'D:/project/systemveriog_2/VGA_Project/VGA_Project.runs/impl_1/top_VGA_OV7670_physopt.dcp' has been generated.
Command: route_design
Attempting to get a license for feature 'Implementation' and/or device 'xc7a35t'
INFO: [Common 17-349] Got license for feature 'Implementation' and/or device 'xc7a35t'
Running DRC as a precondition to command route_design
INFO: [DRC 23-27] Running DRC with 2 threads
INFO: [Vivado_Tcl 4-198] DRC finished with 0 Errors
INFO: [Vivado_Tcl 4-199] Please refer to the DRC report (report_drc) for more information.


Starting Routing Task
INFO: [Route 35-254] Multithreading enabled for route_design using a maximum of 2 CPUs
Checksum: PlaceDB: f8bbf88f ConstDB: 0 ShapeSum: e422e5f3 RouteDB: 0

Phase 1 Build RT Design
Phase 1 Build RT Design | Checksum: 1573ad524

Time (s): cpu = 00:00:17 ; elapsed = 00:00:16 . Memory (MB): peak = 1846.656 ; gain = 28.434
Post Restoration Checksum: NetGraph: fc9eeac6 NumContArr: 5a9bea5e Constraints: 0 Timing: 0

Phase 2 Router Initialization

Phase 2.1 Create Timer
Phase 2.1 Create Timer | Checksum: 1573ad524

Time (s): cpu = 00:00:17 ; elapsed = 00:00:16 . Memory (MB): peak = 1846.656 ; gain = 28.434

Phase 2.2 Fix Topology Constraints
Phase 2.2 Fix Topology Constraints | Checksum: 1573ad524

Time (s): cpu = 00:00:17 ; elapsed = 00:00:16 . Memory (MB): peak = 1852.656 ; gain = 34.434

Phase 2.3 Pre Route Cleanup
Phase 2.3 Pre Route Cleanup | Checksum: 1573ad524

Time (s): cpu = 00:00:17 ; elapsed = 00:00:16 . Memory (MB): peak = 1852.656 ; gain = 34.434
 Number of Nodes with overlaps = 0

Phase 2.4 Update Timing
Phase 2.4 Update Timing | Checksum: 230bd1728

Time (s): cpu = 00:00:18 ; elapsed = 00:00:17 . Memory (MB): peak = 1866.602 ; gain = 48.379
INFO: [Route 35-416] Intermediate Timing Summary | WNS=5.015  | TNS=0.000  | WHS=-0.167 | THS=-9.601 |

Phase 2 Router Initialization | Checksum: 263d1573d

Time (s): cpu = 00:00:18 ; elapsed = 00:00:17 . Memory (MB): peak = 1866.887 ; gain = 48.664

Router Utilization Summary
  Global Vertical Routing Utilization    = 0 %
  Global Horizontal Routing Utilization  = 0 %
  Routable Net Status*
  *Does not include unroutable nets such as driverless and loadless.
  Run report_route_status for detailed report.
  Number of Failed Nets               = 920
    (Failed Nets is the sum of unrouted and partially routed nets)
  Number of Unrouted Nets             = 919
  Number of Partially Routed Nets     = 1
  Number of Node Overlaps             = 0


Phase 3 Initial Routing

Phase 3.1 Global Routing
Phase 3.1 Global Routing | Checksum: 263d1573d

Time (s): cpu = 00:00:18 ; elapsed = 00:00:17 . Memory (MB): peak = 1870.957 ; gain = 52.734
Phase 3 Initial Routing | Checksum: 1db3049c2

Time (s): cpu = 00:00:19 ; elapsed = 00:00:17 . Memory (MB): peak = 1872.641 ; gain = 54.418

Phase 4 Rip-up And Reroute

Phase 4.1 Global Iteration 0
 Number of Nodes with overlaps = 53
 Number of Nodes with overlaps = 0
INFO: [Route 35-416] Intermediate Timing Summary | WNS=4.715  | TNS=0.000  | WHS=N/A    | THS=N/A    |

Phase 4.1 Global Iteration 0 | Checksum: 141445d45

Time (s): cpu = 00:00:19 ; elapsed = 00:00:18 . Memory (MB): peak = 1872.641 ; gain = 54.418
Phase 4 Rip-up And Reroute | Checksum: 141445d45

Time (s): cpu = 00:00:19 ; elapsed = 00:00:18 . Memory (MB): peak = 1872.641 ; gain = 54.418

Phase 5 Delay and Skew Optimization

Phase 5.1 Delay CleanUp
Phase 5.1 Delay CleanUp | Checksum: 141445d45

Time (s): cpu = 00:00:19 ; elapsed = 00:00:18 . Memory (MB): peak = 1872.641 ; gain = 54.418

Phase 5.2 Clock Skew Optimization
Phase 5.2 Clock Skew Optimization | Checksum: 141445d45

Time (s): cpu = 00:00:19 ; elapsed = 00:00:18 . Memory (MB): peak = 1872.641 ; gain = 54.418
Phase 5 Delay and Skew Optimization | Checksum: 141445d45

Time (s): cpu = 00:00:19 ; elapsed = 00:00:18 . Memory (MB): peak = 1872.641 ; gain = 54.418

Phase 6 Post Hold Fix

Phase 6.1 Hold Fix Iter

Phase 6.1.1 Update Timing
Phase 6.1.1 Update Timing | Checksum: 14d417a84

Time (s): cpu = 00:00:19 ; elapsed = 00:00:18 . Memory (MB): peak = 1872.641 ; gain = 54.418
INFO: [Route 35-416] Intermediate Timing Summary | WNS=4.803  | TNS=0.000  | WHS=0.089  | THS=0.000  |

Phase 6.1 Hold Fix Iter | Checksum: 14d417a84

Time (s): cpu = 00:00:20 ; elapsed = 00:00:18 . Memory (MB): peak = 1872.641 ; gain = 54.418
Phase 6 Post Hold Fix | Checksum: 14d417a84

Time (s): cpu = 00:00:20 ; elapsed = 00:00:18 . Memory (MB): peak = 1872.641 ; gain = 54.418

Phase 7 Route finalize

Router Utilization Summary
  Global Vertical Routing Utilization    = 0.45061 %
  Global Horizontal Routing Utilization  = 0.615565 %
  Routable Net Status*
  *Does not include unroutable nets such as driverless and loadless.
  Run report_route_status for detailed report.
  Number of Failed Nets               = 0
    (Failed Nets is the sum of unrouted and partially routed nets)
  Number of Unrouted Nets             = 0
  Number of Partially Routed Nets     = 0
  Number of Node Overlaps             = 0

Phase 7 Route finalize | Checksum: 191753c75

Time (s): cpu = 00:00:20 ; elapsed = 00:00:18 . Memory (MB): peak = 1872.641 ; gain = 54.418

Phase 8 Verifying routed nets

 Verification completed successfully
Phase 8 Verifying routed nets | Checksum: 191753c75

Time (s): cpu = 00:00:20 ; elapsed = 00:00:18 . Memory (MB): peak = 1872.641 ; gain = 54.418

Phase 9 Depositing Routes
Phase 9 Depositing Routes | Checksum: 19ddfe19e

Time (s): cpu = 00:00:20 ; elapsed = 00:00:18 . Memory (MB): peak = 1872.641 ; gain = 54.418

Phase 10 Post Router Timing
INFO: [Route 35-57] Estimated Timing Summary | WNS=4.803  | TNS=0.000  | WHS=0.089  | THS=0.000  |

INFO: [Route 35-327] The final timing numbers are based on the router estimated timing analysis. For a complete and accurate timing signoff, please run report_timing_summary.
Phase 10 Post Router Timing | Checksum: 19ddfe19e

Time (s): cpu = 00:00:20 ; elapsed = 00:00:18 . Memory (MB): peak = 1872.641 ; gain = 54.418
INFO: [Route 35-16] Router Completed Successfully

Time (s): cpu = 00:00:20 ; elapsed = 00:00:18 . Memory (MB): peak = 1872.641 ; gain = 54.418

Routing Is Done.
INFO: [Common 17-83] Releasing license: Implementation
93 Infos, 23 Warnings, 0 Critical Warnings and 0 Errors encountered.
route_design completed successfully
route_design: Time (s): cpu = 00:00:22 ; elapsed = 00:00:19 . Memory (MB): peak = 1872.641 ; gain = 54.418
INFO: [Timing 38-480] Writing timing data to binary archive.
Writing placer database...
Writing XDEF routing.
Writing XDEF routing logical nets.
Writing XDEF routing special nets.
Write XDEF Complete: Time (s): cpu = 00:00:00 ; elapsed = 00:00:00.185 . Memory (MB): peak = 1880.324 ; gain = 7.684
INFO: [Common 17-1381] The checkpoint 'D:/project/systemveriog_2/VGA_Project/VGA_Project.runs/impl_1/top_VGA_OV7670_routed.dcp' has been generated.
INFO: [runtcl-4] Executing : report_drc -file top_VGA_OV7670_drc_routed.rpt -pb top_VGA_OV7670_drc_routed.pb -rpx top_VGA_OV7670_drc_routed.rpx
Command: report_drc -file top_VGA_OV7670_drc_routed.rpt -pb top_VGA_OV7670_drc_routed.pb -rpx top_VGA_OV7670_drc_routed.rpx
INFO: [IP_Flow 19-1839] IP Catalog is up to date.
INFO: [DRC 23-27] Running DRC with 2 threads
INFO: [Coretcl 2-168] The results of DRC are in file D:/project/systemveriog_2/VGA_Project/VGA_Project.runs/impl_1/top_VGA_OV7670_drc_routed.rpt.
report_drc completed successfully
INFO: [runtcl-4] Executing : report_methodology -file top_VGA_OV7670_methodology_drc_routed.rpt -pb top_VGA_OV7670_methodology_drc_routed.pb -rpx top_VGA_OV7670_methodology_drc_routed.rpx
Command: report_methodology -file top_VGA_OV7670_methodology_drc_routed.rpt -pb top_VGA_OV7670_methodology_drc_routed.pb -rpx top_VGA_OV7670_methodology_drc_routed.rpx
INFO: [Timing 38-35] Done setting XDC timing constraints.
INFO: [DRC 23-133] Running Methodology with 2 threads
INFO: [Coretcl 2-1520] The results of Report Methodology are in file D:/project/systemveriog_2/VGA_Project/VGA_Project.runs/impl_1/top_VGA_OV7670_methodology_drc_routed.rpt.
report_methodology completed successfully
INFO: [runtcl-4] Executing : report_power -file top_VGA_OV7670_power_routed.rpt -pb top_VGA_OV7670_power_summary_routed.pb -rpx top_VGA_OV7670_power_routed.rpx
Command: report_power -file top_VGA_OV7670_power_routed.rpt -pb top_VGA_OV7670_power_summary_routed.pb -rpx top_VGA_OV7670_power_routed.rpx
INFO: [Timing 38-35] Done setting XDC timing constraints.
Running Vector-less Activity Propagation...

Finished Running Vector-less Activity Propagation
105 Infos, 23 Warnings, 0 Critical Warnings and 0 Errors encountered.
report_power completed successfully
INFO: [runtcl-4] Executing : report_route_status -file top_VGA_OV7670_route_status.rpt -pb top_VGA_OV7670_route_status.pb
INFO: [runtcl-4] Executing : report_timing_summary -max_paths 10 -file top_VGA_OV7670_timing_summary_routed.rpt -pb top_VGA_OV7670_timing_summary_routed.pb -rpx top_VGA_OV7670_timing_summary_routed.rpx -warn_on_violation 
INFO: [Timing 38-91] UpdateTimingParams: Speed grade: -1, Delay Type: min_max.
INFO: [Timing 38-191] Multithreading enabled for timing update using a maximum of 2 CPUs
INFO: [runtcl-4] Executing : report_incremental_reuse -file top_VGA_OV7670_incremental_reuse_routed.rpt
INFO: [Vivado_Tcl 4-1062] Incremental flow is disabled. No incremental reuse Info to report.
INFO: [runtcl-4] Executing : report_clock_utilization -file top_VGA_OV7670_clock_utilization_routed.rpt
INFO: [runtcl-4] Executing : report_bus_skew -warn_on_violation -file top_VGA_OV7670_bus_skew_routed.rpt -pb top_VGA_OV7670_bus_skew_routed.pb -rpx top_VGA_OV7670_bus_skew_routed.rpx
INFO: [Timing 38-91] UpdateTimingParams: Speed grade: -1, Delay Type: min_max.
INFO: [Timing 38-191] Multithreading enabled for timing update using a maximum of 2 CPUs
Command: write_bitstream -force top_VGA_OV7670.bit
Attempting to get a license for feature 'Implementation' and/or device 'xc7a35t'
INFO: [Common 17-349] Got license for feature 'Implementation' and/or device 'xc7a35t'
Running DRC as a precondition to command write_bitstream
INFO: [IP_Flow 19-1839] IP Catalog is up to date.
INFO: [DRC 23-27] Running DRC with 2 threads
WARNING: [DRC CHECK-3] Report rule limit reached: REQP-1839 rule limit reached: 20 violations have been found.
WARNING: [DRC REQP-1839] RAMB36 async control check: The RAMB36E1 U_FRAMEBUFFER/mem_reg_0_1 has an input control pin U_FRAMEBUFFER/mem_reg_0_1/ADDRARDADDR[0] (net: U_FRAMEBUFFER/ADDRARDADDR[0]) which is driven by a register (U_OV7670_MemController/wAddr_reg[0]_rep) that has an active asychronous set or reset. This may cause corruption of the memory contents and/or read values when the set/reset is asserted and is not analyzed by the default static timing analysis. It is suggested to eliminate the use of a set/reset to registers driving this RAMB pin or else use a synchronous reset in which the assertion of the reset is timed by default.
WARNING: [DRC REQP-1839] RAMB36 async control check: The RAMB36E1 U_FRAMEBUFFER/mem_reg_0_1 has an input control pin U_FRAMEBUFFER/mem_reg_0_1/ADDRARDADDR[10] (net: U_FRAMEBUFFER/wAddr[4]) which is driven by a register (U_OV7670_MemController/wAddr_reg[10]) that has an active asychronous set or reset. This may cause corruption of the memory contents and/or read values when the set/reset is asserted and is not analyzed by the default static timing analysis. It is suggested to eliminate the use of a set/reset to registers driving this RAMB pin or else use a synchronous reset in which the assertion of the reset is timed by default.
WARNING: [DRC REQP-1839] RAMB36 async control check: The RAMB36E1 U_FRAMEBUFFER/mem_reg_0_1 has an input control pin U_FRAMEBUFFER/mem_reg_0_1/ADDRARDADDR[11] (net: U_FRAMEBUFFER/ADDRARDADDR[10]) which is driven by a register (U_OV7670_MemController/wAddr_reg[11]_rep) that has an active asychronous set or reset. This may cause corruption of the memory contents and/or read values when the set/reset is asserted and is not analyzed by the default static timing analysis. It is suggested to eliminate the use of a set/reset to registers driving this RAMB pin or else use a synchronous reset in which the assertion of the reset is timed by default.
WARNING: [DRC REQP-1839] RAMB36 async control check: The RAMB36E1 U_FRAMEBUFFER/mem_reg_0_1 has an input control pin U_FRAMEBUFFER/mem_reg_0_1/ADDRARDADDR[12] (net: U_FRAMEBUFFER/ADDRARDADDR[11]) which is driven by a register (U_OV7670_MemController/wAddr_reg[12]_rep) that has an active asychronous set or reset. This may cause corruption of the memory contents and/or read values when the set/reset is asserted and is not analyzed by the default static timing analysis. It is suggested to eliminate the use of a set/reset to registers driving this RAMB pin or else use a synchronous reset in which the assertion of the reset is timed by default.
WARNING: [DRC REQP-1839] RAMB36 async control check: The RAMB36E1 U_FRAMEBUFFER/mem_reg_0_1 has an input control pin U_FRAMEBUFFER/mem_reg_0_1/ADDRARDADDR[13] (net: U_FRAMEBUFFER/ADDRARDADDR[12]) which is driven by a register (U_OV7670_MemController/wAddr_reg[13]_rep) that has an active asychronous set or reset. This may cause corruption of the memory contents and/or read values when the set/reset is asserted and is not analyzed by the default static timing analysis. It is suggested to eliminate the use of a set/reset to registers driving this RAMB pin or else use a synchronous reset in which the assertion of the reset is timed by default.
WARNING: [DRC REQP-1839] RAMB36 async control check: The RAMB36E1 U_FRAMEBUFFER/mem_reg_0_1 has an input control pin U_FRAMEBUFFER/mem_reg_0_1/ADDRARDADDR[14] (net: U_FRAMEBUFFER/wAddr[7]) which is driven by a register (U_OV7670_MemController/wAddr_reg[14]) that has an active asychronous set or reset. This may cause corruption of the memory contents and/or read values when the set/reset is asserted and is not analyzed by the default static timing analysis. It is suggested to eliminate the use of a set/reset to registers driving this RAMB pin or else use a synchronous reset in which the assertion of the reset is timed by default.
WARNING: [DRC REQP-1839] RAMB36 async control check: The RAMB36E1 U_FRAMEBUFFER/mem_reg_0_1 has an input control pin U_FRAMEBUFFER/mem_reg_0_1/ADDRARDADDR[15] (net: U_FRAMEBUFFER/wAddr[8]) which is driven by a register (U_OV7670_MemController/wAddr_reg[15]) that has an active asychronous set or reset. This may cause corruption of the memory contents and/or read values when the set/reset is asserted and is not analyzed by the default static timing analysis. It is suggested to eliminate the use of a set/reset to registers driving this RAMB pin or else use a synchronous reset in which the assertion of the reset is timed by default.
WARNING: [DRC REQP-1839] RAMB36 async control check: The RAMB36E1 U_FRAMEBUFFER/mem_reg_0_1 has an input control pin U_FRAMEBUFFER/mem_reg_0_1/ADDRARDADDR[1] (net: U_FRAMEBUFFER/ADDRARDADDR[1]) which is driven by a register (U_OV7670_MemController/wAddr_reg[1]_rep) that has an active asychronous set or reset. This may cause corruption of the memory contents and/or read values when the set/reset is asserted and is not analyzed by the default static timing analysis. It is suggested to eliminate the use of a set/reset to registers driving this RAMB pin or else use a synchronous reset in which the assertion of the reset is timed by default.
WARNING: [DRC REQP-1839] RAMB36 async control check: The RAMB36E1 U_FRAMEBUFFER/mem_reg_0_1 has an input control pin U_FRAMEBUFFER/mem_reg_0_1/ADDRARDADDR[2] (net: U_FRAMEBUFFER/ADDRARDADDR[2]) which is driven by a register (U_OV7670_MemController/wAddr_reg[2]_rep) that has an active asychronous set or reset. This may cause corruption of the memory contents and/or read values when the set/reset is asserted and is not analyzed by the default static timing analysis. It is suggested to eliminate the use of a set/reset to registers driving this RAMB pin or else use a synchronous reset in which the assertion of the reset is timed by default.
WARNING: [DRC REQP-1839] RAMB36 async control check: The RAMB36E1 U_FRAMEBUFFER/mem_reg_0_1 has an input control pin U_FRAMEBUFFER/mem_reg_0_1/ADDRARDADDR[3] (net: U_FRAMEBUFFER/ADDRARDADDR[3]) which is driven by a register (U_OV7670_MemController/wAddr_reg[3]_rep) that has an active asychronous set or reset. This may cause corruption of the memory contents and/or read values when the set/reset is asserted and is not analyzed by the default static timing analysis. It is suggested to eliminate the use of a set/reset to registers driving this RAMB pin or else use a synchronous reset in which the assertion of the reset is timed by default.
WARNING: [DRC REQP-1839] RAMB36 async control check: The RAMB36E1 U_FRAMEBUFFER/mem_reg_0_1 has an input control pin U_FRAMEBUFFER/mem_reg_0_1/ADDRARDADDR[4] (net: U_FRAMEBUFFER/mem_reg_0_4_0[0]) which is driven by a register (U_OV7670_MemController/wAddr_reg[4]_rep__1) that has an active asychronous set or reset. This may cause corruption of the memory contents and/or read values when the set/reset is asserted and is not analyzed by the default static timing analysis. It is suggested to eliminate the use of a set/reset to registers driving this RAMB pin or else use a synchronous reset in which the assertion of the reset is timed by default.
WARNING: [DRC REQP-1839] RAMB36 async control check: The RAMB36E1 U_FRAMEBUFFER/mem_reg_0_1 has an input control pin U_FRAMEBUFFER/mem_reg_0_1/ADDRARDADDR[5] (net: U_FRAMEBUFFER/ADDRARDADDR[5]) which is driven by a register (U_OV7670_MemController/wAddr_reg[5]_rep) that has an active asychronous set or reset. This may cause corruption of the memory contents and/or read values when the set/reset is asserted and is not analyzed by the default static timing analysis. It is suggested to eliminate the use of a set/reset to registers driving this RAMB pin or else use a synchronous reset in which the assertion of the reset is timed by default.
WARNING: [DRC REQP-1839] RAMB36 async control check: The RAMB36E1 U_FRAMEBUFFER/mem_reg_0_1 has an input control pin U_FRAMEBUFFER/mem_reg_0_1/ADDRARDADDR[6] (net: U_FRAMEBUFFER/ADDRARDADDR[6]) which is driven by a register (U_OV7670_MemController/wAddr_reg[6]_rep) that has an active asychronous set or reset. This may cause corruption of the memory contents and/or read values when the set/reset is asserted and is not analyzed by the default static timing analysis. It is suggested to eliminate the use of a set/reset to registers driving this RAMB pin or else use a synchronous reset in which the assertion of the reset is timed by default.
WARNING: [DRC REQP-1839] RAMB36 async control check: The RAMB36E1 U_FRAMEBUFFER/mem_reg_0_1 has an input control pin U_FRAMEBUFFER/mem_reg_0_1/ADDRARDADDR[7] (net: U_FRAMEBUFFER/mem_reg_0_4_0[1]) which is driven by a register (U_OV7670_MemController/wAddr_reg[7]_rep) that has an active asychronous set or reset. This may cause corruption of the memory contents and/or read values when the set/reset is asserted and is not analyzed by the default static timing analysis. It is suggested to eliminate the use of a set/reset to registers driving this RAMB pin or else use a synchronous reset in which the assertion of the reset is timed by default.
WARNING: [DRC REQP-1839] RAMB36 async control check: The RAMB36E1 U_FRAMEBUFFER/mem_reg_0_1 has an input control pin U_FRAMEBUFFER/mem_reg_0_1/ADDRARDADDR[8] (net: U_FRAMEBUFFER/ADDRARDADDR[8]) which is driven by a register (U_OV7670_MemController/wAddr_reg[8]_rep) that has an active asychronous set or reset. This may cause corruption of the memory contents and/or read values when the set/reset is asserted and is not analyzed by the default static timing analysis. It is suggested to eliminate the use of a set/reset to registers driving this RAMB pin or else use a synchronous reset in which the assertion of the reset is timed by default.
WARNING: [DRC REQP-1839] RAMB36 async control check: The RAMB36E1 U_FRAMEBUFFER/mem_reg_0_1 has an input control pin U_FRAMEBUFFER/mem_reg_0_1/ADDRARDADDR[9] (net: U_FRAMEBUFFER/ADDRARDADDR[9]) which is driven by a register (U_OV7670_MemController/wAddr_reg[9]_rep__0) that has an active asychronous set or reset. This may cause corruption of the memory contents and/or read values when the set/reset is asserted and is not analyzed by the default static timing analysis. It is suggested to eliminate the use of a set/reset to registers driving this RAMB pin or else use a synchronous reset in which the assertion of the reset is timed by default.
WARNING: [DRC REQP-1839] RAMB36 async control check: The RAMB36E1 U_FRAMEBUFFER/mem_reg_0_1 has an input control pin U_FRAMEBUFFER/mem_reg_0_1/ADDRBWRADDR[15] (net: U_FRAMEBUFFER/rAddr[14]) which is driven by a register (U_VGA_DECODER/U_PXL_COUNTER/v_count_reg[1]) that has an active asychronous set or reset. This may cause corruption of the memory contents and/or read values when the set/reset is asserted and is not analyzed by the default static timing analysis. It is suggested to eliminate the use of a set/reset to registers driving this RAMB pin or else use a synchronous reset in which the assertion of the reset is timed by default.
WARNING: [DRC REQP-1839] RAMB36 async control check: The RAMB36E1 U_FRAMEBUFFER/mem_reg_0_1 has an input control pin U_FRAMEBUFFER/mem_reg_0_1/ADDRBWRADDR[15] (net: U_FRAMEBUFFER/rAddr[14]) which is driven by a register (U_VGA_DECODER/U_PXL_COUNTER/v_count_reg[2]) that has an active asychronous set or reset. This may cause corruption of the memory contents and/or read values when the set/reset is asserted and is not analyzed by the default static timing analysis. It is suggested to eliminate the use of a set/reset to registers driving this RAMB pin or else use a synchronous reset in which the assertion of the reset is timed by default.
WARNING: [DRC REQP-1839] RAMB36 async control check: The RAMB36E1 U_FRAMEBUFFER/mem_reg_0_1 has an input control pin U_FRAMEBUFFER/mem_reg_0_1/ADDRBWRADDR[15] (net: U_FRAMEBUFFER/rAddr[14]) which is driven by a register (U_VGA_DECODER/U_PXL_COUNTER/v_count_reg[4]) that has an active asychronous set or reset. This may cause corruption of the memory contents and/or read values when the set/reset is asserted and is not analyzed by the default static timing analysis. It is suggested to eliminate the use of a set/reset to registers driving this RAMB pin or else use a synchronous reset in which the assertion of the reset is timed by default.
WARNING: [DRC REQP-1839] RAMB36 async control check: The RAMB36E1 U_FRAMEBUFFER/mem_reg_0_1 has an input control pin U_FRAMEBUFFER/mem_reg_0_1/ADDRBWRADDR[15] (net: U_FRAMEBUFFER/rAddr[14]) which is driven by a register (U_VGA_DECODER/U_PXL_COUNTER/v_count_reg[8]) that has an active asychronous set or reset. This may cause corruption of the memory contents and/or read values when the set/reset is asserted and is not analyzed by the default static timing analysis. It is suggested to eliminate the use of a set/reset to registers driving this RAMB pin or else use a synchronous reset in which the assertion of the reset is timed by default.
INFO: [Vivado 12-3199] DRC finished with 0 Errors, 21 Warnings
INFO: [Vivado 12-3200] Please refer to the DRC report (report_drc) for more information.
INFO: [Designutils 20-2272] Running write_bitstream with 2 threads.
Loading data files...
Loading site data...
Loading route data...
Processing options...
Creating bitmap...
Creating bitstream...
Bitstream compression saved 11121696 bits.
Writing bitstream ./top_VGA_OV7670.bit...
INFO: [Vivado 12-1842] Bitgen Completed Successfully.
INFO: [Project 1-120] WebTalk data collection is mandatory when using a WebPACK part without a full Vivado license. To see the specific WebTalk data collected for your design, open the usage_statistics_webtalk.html or usage_statistics_webtalk.xml file in the implementation directory.
INFO: [Common 17-83] Releasing license: Implementation
12 Infos, 21 Warnings, 0 Critical Warnings and 0 Errors encountered.
write_bitstream completed successfully
write_bitstream: Time (s): cpu = 00:00:16 ; elapsed = 00:00:15 . Memory (MB): peak = 2345.605 ; gain = 446.117
INFO: [Common 17-206] Exiting Vivado at Sat Mar  7 14:37:38 2026...
